
INFO:05/03/2017 10:50:46 AM:Data successfully extracted from RedCap
INFO:05/03/2017 10:50:46 AM:Corrected 9 records without patient demographics.
INFO:05/03/2017 10:50:46 AM:Found 250 total records.
INFO:05/03/2017 10:50:47 AM:Data was successfully extracted & reported
INFO:05/03/2017 11:05:48 AM:Data successfully extracted from RedCap
INFO:05/03/2017 11:05:50 AM:Corrected 50 records without patient demographics.
INFO:05/03/2017 11:05:50 AM:Found 284 total records.
INFO:05/03/2017 11:05:50 AM:Data was successfully extracted & reported
INFO:05/03/2017 11:29:33 AM:Data successfully extracted from RedCap
INFO:05/03/2017 11:29:33 AM:Corrected 0 records without patient demographics.
INFO:05/03/2017 11:29:33 AM:Found 0 total records.
INFO:05/03/2017 11:29:33 AM:Data was successfully extracted & reported
INFO:05/03/2017 11:30:42 AM:Data successfully extracted from RedCap
INFO:05/03/2017 11:30:43 AM:Corrected 23 records without patient demographics.
INFO:05/03/2017 11:30:43 AM:Found 257 total records.
INFO:05/03/2017 11:30:43 AM:Data was successfully extracted & reported
INFO:05/09/2017 01:57:44 PM:Data successfully extracted from RedCap
INFO:05/09/2017 01:57:48 PM:Corrected 117 records without patient demographics.
INFO:05/09/2017 01:57:48 PM:Found 839 total records.
INFO:05/09/2017 01:57:48 PM:Data was successfully extracted & reported
INFO:05/09/2017 02:16:32 PM:Data successfully extracted from RedCap
INFO:05/09/2017 02:16:42 PM:Corrected 218 records without patient demographics.
INFO:05/09/2017 02:16:42 PM:Found 1838 total records.
INFO:05/09/2017 02:16:42 PM:Data was successfully extracted & reported
INFO:05/22/2017 01:46:28 PM:Data successfully extracted from RedCap
INFO:05/22/2017 01:46:36 PM:Corrected 218 records without patient demographics.
INFO:05/22/2017 01:46:36 PM:Found 1838 total records.
INFO:05/22/2017 01:46:36 PM:Data was successfully extracted & reported
INFO:06/01/2017 02:09:22 PM:Data successfully extracted from RedCap
INFO:06/01/2017 02:09:32 PM:Corrected 261 records without patient demographics.
INFO:06/01/2017 02:09:32 PM:Found 2104 total records.
INFO:06/01/2017 02:09:33 PM:Data was successfully extracted & reported
INFO:07/20/2017 08:51:18 AM:Data successfully extracted from RedCap
INFO:07/20/2017 08:51:22 AM:Corrected 104 records without patient demographics.
INFO:07/20/2017 08:51:22 AM:Found 541 total records.
INFO:07/20/2017 08:51:22 AM:Data was successfully extracted & reported
INFO:08/15/2017 12:17:30 PM:Data successfully extracted from RedCap
INFO:08/15/2017 12:17:32 PM:Corrected 43 records without patient demographics.
INFO:08/15/2017 12:17:32 PM:Found 263 total records.
INFO:08/15/2017 12:17:32 PM:Data was successfully extracted & reported
